Build started 2016/3/17 23:45:02.
     1>Project "C:\Users\John-o\Desktop\tongji\tongji\tongji.vcxproj" on node 2 (build target(s)).
     1>PrepareForBuild:
         Creating directory "C:\Users\John-o\Desktop\tongji\Release\".
       InitializeBuildStatus:
         Creating "Release\tongji.unsuccessfulbuild" because "AlwaysCreate" was specified.
       ClCompile:
         C:\Program Files (x86)\Microsoft Visual Studio 10.0\VC\bin\CL.exe /c /Zi /nologo /W3 /WX- /O2 /Oi /Oy- /GL /D WIN32 /D NDEBUG /D _CONSOLE /D _UNICODE /D UNICODE /Gm- /EHsc /MD /GS /Gy /fp:precise /Zc:wchar_t /Zc:forScope /Fo"Release\\" /Fd"Release\vc100.pdb" /Gd /TP /analyze- /errorReport:prompt "统计.cpp"
         统计.cpp
     1>统计.cpp(9): warning C4996: 'scanf': This function or variable may be unsafe. Consider using scanf_s instead. To disable deprecation, use _CRT_SECURE_NO_WARNINGS. See online help for details.
                 C:\Program Files (x86)\Microsoft Visual Studio 10.0\VC\include\stdio.h(304) : see declaration of 'scanf'
     1>统计.cpp(27): warning C4996: 'fopen': This function or variable may be unsafe. Consider using fopen_s instead. To disable deprecation, use _CRT_SECURE_NO_WARNINGS. See online help for details.
                 C:\Program Files (x86)\Microsoft Visual Studio 10.0\VC\include\stdio.h(234) : see declaration of 'fopen'
       Link:
         C:\Program Files (x86)\Microsoft Visual Studio 10.0\VC\bin\link.exe /ERRORREPORT:PROMPT /OUT:"C:\Users\John-o\Desktop\tongji\Release\tongji.exe" /INCREMENTAL:NO /NOLOGO kernel32.lib user32.lib gdi32.lib winspool.lib comdlg32.lib advapi32.lib shell32.lib ole32.lib oleaut32.lib uuid.lib odbc32.lib odbccp32.lib /MANIFEST /ManifestFile:"Release\tongji.exe.intermediate.manifest" /MANIFESTUAC:"level='asInvoker' uiAccess='false'" /DEBUG /PDB:"C:\Users\John-o\Desktop\tongji\Release\tongji.pdb" /SUBSYSTEM:CONSOLE /OPT:REF /OPT:ICF /LTCG /TLBID:1 /DYNAMICBASE /NXCOMPAT /IMPLIB:"C:\Users\John-o\Desktop\tongji\Release\tongji.lib" /MACHINE:X86 "Release\统计.obj"
         Generating code
         Finished generating code
         tongji.vcxproj -> C:\Users\John-o\Desktop\tongji\Release\tongji.exe
       Manifest:
         C:\Program Files (x86)\Microsoft SDKs\Windows\v7.0A\bin\mt.exe /nologo /verbose /outputresource:"C:\Users\John-o\Desktop\tongji\Release\tongji.exe;#1" /manifest Release\tongji.exe.intermediate.manifest
       FinalizeBuildStatus:
         Deleting file "Release\tongji.unsuccessfulbuild".
         Touching "Release\tongji.lastbuildstate".
     1>Done Building Project "C:\Users\John-o\Desktop\tongji\tongji\tongji.vcxproj" (build target(s)).

Build succeeded.

Time Elapsed 00:00:00.68
